<?xml version="1.0" encoding="UTF-8"?>
<!-- Generated by org.testng.reporters.JUnitXMLReporter -->
<testsuite ignored="0" hostname="DESKTOP-MDEUDBT" failures="0" tests="4" name="Test" time="0.124" errors="0" timestamp="2023-06-23T01:05:35 IST">
  <testcase classname="kins.Test3" name="tc2" time="0.015"/>
  <testcase classname="kins.Test4" name="tc4" time="0.003"/>
  <testcase classname="kins.Test1" name="tc1" time="0.003"/>
  <testcase classname="kins.Test0" name="tc1" time="0.002"/>
</testsuite> <!-- Test -->
