<?xml version="1.0" encoding="UTF-8"?>
<testng-results ignored="0" total="6" passed="6" failed="0" skipped="0">
  <reporter-output>
  </reporter-output>
  <suite started-at="2023-06-23T01:43:57 IST" name="Suite" finished-at="2023-06-23T01:43:57 IST" duration-ms="146">
    <groups>
    </groups>
    <test started-at="2023-06-23T01:43:57 IST" name="Test" finished-at="2023-06-23T01:43:57 IST" duration-ms="146">
      <class name="kins.Test6">
        <test-method signature="tc6()[pri:0, instance:kins.Test6@1b2abca6]" started-at="2023-06-23T01:43:57 IST" name="tc6" finished-at="2023-06-23T01:43:57 IST" duration-ms="3" status="PASS">
          <reporter-output>
          </reporter-output>
        </test-method> <!-- tc6 -->
      </class> <!-- kins.Test6 -->
      <class name="kins.Test5">
        <test-method signature="tc5()[pri:0, instance:kins.Test5@1da2cb77]" started-at="2023-06-23T01:43:57 IST" name="tc5" finished-at="2023-06-23T01:43:57 IST" duration-ms="21" status="PASS">
          <reporter-output>
          </reporter-output>
        </test-method> <!-- tc5 -->
      </class> <!-- kins.Test5 -->
      <class name="kins.Test4">
        <test-method signature="tc4()[pri:0, instance:kins.Test4@2ed2d9cb]" started-at="2023-06-23T01:43:57 IST" name="tc4" finished-at="2023-06-23T01:43:57 IST" duration-ms="3" status="PASS">
          <reporter-output>
          </reporter-output>
        </test-method> <!-- tc4 -->
      </class> <!-- kins.Test4 -->
      <class name="kins.Test3">
        <test-method signature="tc2()[pri:0, instance:kins.Test3@6392827e]" started-at="2023-06-23T01:43:57 IST" name="tc2" finished-at="2023-06-23T01:43:57 IST" duration-ms="3" status="PASS">
          <reporter-output>
          </reporter-output>
        </test-method> <!-- tc2 -->
      </class> <!-- kins.Test3 -->
      <class name="kins.Test1">
        <test-method signature="tc1()[pri:0, instance:kins.Test1@d5b810e]" started-at="2023-06-23T01:43:57 IST" name="tc1" finished-at="2023-06-23T01:43:57 IST" duration-ms="3" status="PASS">
          <reporter-output>
          </reporter-output>
        </test-method> <!-- tc1 -->
      </class> <!-- kins.Test1 -->
      <class name="kins.Test0">
        <test-method signature="tc1()[pri:0, instance:kins.Test0@43dac38f]" started-at="2023-06-23T01:43:57 IST" name="tc1" finished-at="2023-06-23T01:43:57 IST" duration-ms="6" status="PASS">
          <reporter-output>
          </reporter-output>
        </test-method> <!-- tc1 -->
      </class> <!-- kins.Test0 -->
    </test> <!-- Test -->
  </suite> <!-- Suite -->
</testng-results>
