<?xml version="1.0" encoding="UTF-8"?>
<testng-results ignored="0" total="4" passed="4" failed="0" skipped="0">
  <reporter-output>
  </reporter-output>
  <suite started-at="2023-06-23T01:05:35 IST" name="Suite" finished-at="2023-06-23T01:05:35 IST" duration-ms="124">
    <groups>
    </groups>
    <test started-at="2023-06-23T01:05:35 IST" name="Test" finished-at="2023-06-23T01:05:35 IST" duration-ms="124">
      <class name="kins.Test4">
        <test-method signature="tc4()[pri:0, instance:kins.Test4@6fd83fc1]" started-at="2023-06-23T01:05:35 IST" name="tc4" finished-at="2023-06-23T01:05:35 IST" duration-ms="3" status="PASS">
          <reporter-output>
          </reporter-output>
        </test-method> <!-- tc4 -->
      </class> <!-- kins.Test4 -->
      <class name="kins.Test3">
        <test-method signature="tc2()[pri:0, instance:kins.Test3@22ef9844]" started-at="2023-06-23T01:05:35 IST" name="tc2" finished-at="2023-06-23T01:05:35 IST" duration-ms="15" status="PASS">
          <reporter-output>
          </reporter-output>
        </test-method> <!-- tc2 -->
      </class> <!-- kins.Test3 -->
      <class name="kins.Test1">
        <test-method signature="tc1()[pri:0, instance:kins.Test1@4f2b503c]" started-at="2023-06-23T01:05:35 IST" name="tc1" finished-at="2023-06-23T01:05:35 IST" duration-ms="3" status="PASS">
          <reporter-output>
          </reporter-output>
        </test-method> <!-- tc1 -->
      </class> <!-- kins.Test1 -->
      <class name="kins.Test0">
        <test-method signature="tc1()[pri:0, instance:kins.Test0@bae7dc0]" started-at="2023-06-23T01:05:35 IST" name="tc1" finished-at="2023-06-23T01:05:35 IST" duration-ms="2" status="PASS">
          <reporter-output>
          </reporter-output>
        </test-method> <!-- tc1 -->
      </class> <!-- kins.Test0 -->
    </test> <!-- Test -->
  </suite> <!-- Suite -->
</testng-results>
